<?xml version="1.0" encoding="UTF-8"?>
<testng-results skipped="1" failed="0" ignored="0" total="1" passed="0">
  <reporter-output>
  </reporter-output>
  <suite name="Default suite" duration-ms="36" started-at="2020-11-11T16:08:23Z" finished-at="2020-11-11T16:08:23Z">
    <groups>
    </groups>
    <test name="Default test" duration-ms="36" started-at="2020-11-11T16:08:23Z" finished-at="2020-11-11T16:08:23Z">
      <class name="com.tricentis.automation.scripts.fieldVerification.Automobile_EnterVehicleDataPageTest">
        <test-method status="PASS" signature="suiteInitializer()[pri:0, instance:com.tricentis.automation.scripts.fieldVerification.Automobile_EnterVehicleDataPageTest@ae45eb6]" name="suiteInitializer" is-config="true" duration-ms="11" started-at="2020-11-11T21:38:23Z" finished-at="2020-11-11T21:38:23Z">
          <reporter-output>
          </reporter-output>
        </test-method> <!-- suiteInitializer -->
        <test-method status="FAIL" signature="initialize(java.lang.String)[pri:0, instance:com.tricentis.automation.scripts.fieldVerification.Automobile_EnterVehicleDataPageTest@ae45eb6]" name="initialize" is-config="true" duration-ms="0" started-at="2020-11-11T21:38:23Z" finished-at="2020-11-11T21:38:23Z">
          <exception class="org.testng.TestNGException">
            <message>
              <![CDATA[Parameter 'browser' is required by BeforeClass on method initialize but has not been marked @Optional or definedin C:\Users\admin\AppData\Local\Temp\testng-eclipse--1099389611\testng-customsuite.xml]]>
            </message>
            <full-stacktrace>
              <![CDATA[org.testng.TestNGException: Parameter 'browser' is required by BeforeClass on method initialize but has not been marked @Optional or definedin C:\Users\admin\AppData\Local\Temp\testng-eclipse--1099389611\testng-customsuite.xmlat org.testng.internal.Parameters.createParams(Parameters.java:290)at org.testng.internal.Parameters.createParametersForMethod(Parameters.java:359)at org.testng.internal.Parameters.createParameters(Parameters.java:620)at org.testng.internal.Parameters.createConfigurationParameters(Parameters.java:190)at org.testng.internal.Invoker.invokeConfigurations(Invoker.java:209)at org.testng.internal.Invoker.invokeConfigurations(Invoker.java:142)at org.testng.internal.TestMethodWorker.invokeBeforeClassMethods(TestMethodWorker.java:163)at org.testng.internal.TestMethodWorker.run(TestMethodWorker.java:105)at org.testng.TestRunner.privateRun(TestRunner.java:648)at org.testng.TestRunner.run(TestRunner.java:505)at org.testng.SuiteRunner.runTest(SuiteRunner.java:455)at org.testng.SuiteRunner.runSequentially(SuiteRunner.java:450)at org.testng.SuiteRunner.privateRun(SuiteRunner.java:415)at org.testng.SuiteRunner.run(SuiteRunner.java:364)at org.testng.SuiteRunnerWorker.runSuite(SuiteRunnerWorker.java:52)at org.testng.SuiteRunnerWorker.run(SuiteRunnerWorker.java:84)at org.testng.TestNG.runSuitesSequentially(TestNG.java:1187)at org.testng.TestNG.runSuitesLocally(TestNG.java:1116)at org.testng.TestNG.runSuites(TestNG.java:1028)at org.testng.TestNG.run(TestNG.java:996)at org.testng.remote.AbstractRemoteTestNG.run(AbstractRemoteTestNG.java:115)at org.testng.remote.RemoteTestNG.initAndRun(RemoteTestNG.java:251)at org.testng.remote.RemoteTestNG.main(RemoteTestNG.java:77)]]>
            </full-stacktrace>
          </exception> <!-- org.testng.TestNGException -->
          <reporter-output>
          </reporter-output>
        </test-method> <!-- initialize -->
        <test-method status="SKIP" signature="verifyEnginePerformanceInputbox()[pri:0, instance:com.tricentis.automation.scripts.fieldVerification.Automobile_EnterVehicleDataPageTest@ae45eb6]" name="verifyEnginePerformanceInputbox" duration-ms="0" started-at="2020-11-11T21:38:23Z" finished-at="2020-11-11T21:38:23Z">
          <exception class="org.testng.TestNGException">
            <message>
              <![CDATA[Parameter 'browser' is required by BeforeClass on method initialize but has not been marked @Optional or definedin C:\Users\admin\AppData\Local\Temp\testng-eclipse--1099389611\testng-customsuite.xml]]>
            </message>
            <full-stacktrace>
              <![CDATA[org.testng.TestNGException: Parameter 'browser' is required by BeforeClass on method initialize but has not been marked @Optional or definedin C:\Users\admin\AppData\Local\Temp\testng-eclipse--1099389611\testng-customsuite.xmlat org.testng.internal.Parameters.createParams(Parameters.java:290)at org.testng.internal.Parameters.createParametersForMethod(Parameters.java:359)at org.testng.internal.Parameters.createParameters(Parameters.java:620)at org.testng.internal.Parameters.createConfigurationParameters(Parameters.java:190)at org.testng.internal.Invoker.invokeConfigurations(Invoker.java:209)at org.testng.internal.Invoker.invokeConfigurations(Invoker.java:142)at org.testng.internal.TestMethodWorker.invokeBeforeClassMethods(TestMethodWorker.java:163)at org.testng.internal.TestMethodWorker.run(TestMethodWorker.java:105)at org.testng.TestRunner.privateRun(TestRunner.java:648)at org.testng.TestRunner.run(TestRunner.java:505)at org.testng.SuiteRunner.runTest(SuiteRunner.java:455)at org.testng.SuiteRunner.runSequentially(SuiteRunner.java:450)at org.testng.SuiteRunner.privateRun(SuiteRunner.java:415)at org.testng.SuiteRunner.run(SuiteRunner.java:364)at org.testng.SuiteRunnerWorker.runSuite(SuiteRunnerWorker.java:52)at org.testng.SuiteRunnerWorker.run(SuiteRunnerWorker.java:84)at org.testng.TestNG.runSuitesSequentially(TestNG.java:1187)at org.testng.TestNG.runSuitesLocally(TestNG.java:1116)at org.testng.TestNG.runSuites(TestNG.java:1028)at org.testng.TestNG.run(TestNG.java:996)at org.testng.remote.AbstractRemoteTestNG.run(AbstractRemoteTestNG.java:115)at org.testng.remote.RemoteTestNG.initAndRun(RemoteTestNG.java:251)at org.testng.remote.RemoteTestNG.main(RemoteTestNG.java:77)]]>
            </full-stacktrace>
          </exception> <!-- org.testng.TestNGException -->
          <reporter-output>
          </reporter-output>
        </test-method> <!-- verifyEnginePerformanceInputbox -->
        <test-method status="SKIP" signature="tearDown()[pri:0, instance:com.tricentis.automation.scripts.fieldVerification.Automobile_EnterVehicleDataPageTest@ae45eb6]" name="tearDown" is-config="true" duration-ms="0" started-at="2020-11-11T21:38:23Z" finished-at="2020-11-11T21:38:23Z">
          <reporter-output>
          </reporter-output>
        </test-method> <!-- tearDown -->
      </class> <!-- com.tricentis.automation.scripts.fieldVerification.Automobile_EnterVehicleDataPageTest -->
    </test> <!-- Default test -->
  </suite> <!-- Default suite -->
</testng-results>
